1695155902065	geckodriver	INFO	Listening on 127.0.0.1:60812
1695155905115	mozrunner::runner	INFO	Running command: "C:\\Program Files\\Mozilla Firefox\\firefox.exe" "--marionette" "--remote-debugging-port" "60813" "--remote-allow-hosts" "localhost" "-no-remote" "-profile" "C:\\Users\\matth\\AppData\\Local\\Temp\\rust_mozprofilerhLAlw"
console.warn: services.settings: Ignoring preference override of remote settings server
console.warn: services.settings: Allow by setting MOZ_REMOTE_SETTINGS_DEVTOOLS=1 in the environment
1695155905496	Marionette	INFO	Marionette enabled
Dynamically enable window occlusion 0
1695155905564	Marionette	INFO	Listening on port 60823
WebDriver BiDi listening on ws://127.0.0.1:60813
Read port: 60823
1695155905789	RemoteAgent	WARN	TLS certificate errors will be ignored for this session
DevTools listening on ws://127.0.0.1:60813/devtools/browser/ee1c02de-62e6-4619-a632-cbdd315c2cd9
JavaScript error: https://journals.lww.com/acsm-msse/fulltext/2022/06000/trained_integrated_postexercise_myofibrillar.8.aspx, line 2995: ReferenceError: liveagent is not defined
JavaScript warning: https://z.moatads.com/wolterskluwerprebidheader64359239460/moatheader.js?v=05.15.00.015-release2, line 350: WEBGL_debug_renderer_info is deprecated in Firefox and will be removed. Please use RENDERER.
JavaScript warning: https://pagead2.googlesyndication.com/bg/D38i8ocviMyns63bFlxz04547CGgVcdJsS8VZS_5djY.js line 2 > eval line 800 > eval line 1 > eval line 1 > eval, line 1: WEBGL_debug_renderer_info is deprecated in Firefox and will be removed. Please use RENDERER.
JavaScript warning: https://journals.lww.com/acsm-msse/fulltext/2022/06000/trained_integrated_postexercise_myofibrillar.8.aspx, line 24: Script terminated by timeout at:
p@https://journals.lww.com/acsm-msse/fulltext/2022/06000/trained_integrated_postexercise_myofibrillar.8.aspx:24:8394
I/<@https://journals.lww.com/acsm-msse/fulltext/2022/06000/trained_integrated_postexercise_myofibrillar.8.aspx:24:25899

1695155935547	Marionette	INFO	Stopped listening on port 60823
Dynamically enable window occlusion 1
JavaScript error: , line 0: TypeError: NetworkError when attempting to fetch resource.
JavaScript error: , line 0: TypeError: NetworkError when attempting to fetch resource.
console.error: (new Error("Polling for changes failed: NetworkError: Network request failed.", "resource://services-settings/remote-settings.sys.mjs", 324))
1695155935640	addons.xpi	ERROR	System addon update list error Error: Failed downloading XML, status: 0, channelStatus: 2147500036, errorCode: 2, reason: error
